<?xml version="1.0" encoding="UTF-8"?>
<!-- Generated by org.testng.reporters.JUnitReportReporter -->
<testsuite hostname="USER-PC" name="TestCases.LoginTest" tests="5" failures="0" timestamp="1 Sep 2019 15:57:49 GMT" time="205.824" errors="0">
  <testcase name="loginCRM" time="32.711" classname="TestCases.LoginTest"/>
  <testcase name="loginCRM" time="40.188" classname="TestCases.LoginTest"/>
  <testcase name="loginCRM" time="40.197" classname="TestCases.LoginTest"/>
  <testcase name="loginCRM" time="59.183" classname="TestCases.LoginTest"/>
  <testcase name="loginCRM" time="33.545" classname="TestCases.LoginTest"/>
</testsuite> <!-- TestCases.LoginTest -->
