<?xml version="1.0" encoding="UTF-8"?>
<!-- Generated by org.testng.reporters.JUnitReportReporter -->
<testsuite hostname="USER-PC" name="TestPages.LoginPage" tests="1" failures="0" timestamp="1 Sep 2019 12:02:45 GMT" time="19.824" errors="0">
  <testcase name="test" time="19.824" classname="TestPages.LoginPage"/>
</testsuite> <!-- TestPages.LoginPage -->
